Project: embedded_rtps_stm32
Converter: ST System Workbench for STM32 project converter
Date: 20191014

No map found for id: com.st.stm32cube.ide.mcu.gnu.managedbuild.tool.cpp.compiler.option.languagestandard.value.gccdefault
Unknown value type "" for id gnu.c.link.option.libs on tool fr.ac6.managedbuild.tool.gnu.cross.c.linker
Unknown value type "" for id gnu.c.link.option.paths on tool fr.ac6.managedbuild.tool.gnu.cross.c.linker
Unknown value type "" for id gnu.c.link.option.other on tool fr.ac6.managedbuild.tool.gnu.cross.c.linker
Unknown value type "" for id gnu.cpp.link.option.libs on tool fr.ac6.managedbuild.tool.gnu.cross.cpp.linker
Unknown value type "" for id gnu.cpp.link.option.paths on tool fr.ac6.managedbuild.tool.gnu.cross.cpp.linker
Unknown value type "" for id gnu.cpp.link.option.other on tool fr.ac6.managedbuild.tool.gnu.cross.cpp.linker
Option fr.ac6.managedbuild.tool.gnu.cross.cpp.linker.noexceptions is no longer supported
Option fr.ac6.managedbuild.tool.gnu.cross.cpp.linker.nortti is no longer supported
Value type err, id: gnu.cpp.link.option.flags
Unknown value type "" for id gnu.both.asm.option.include.paths on tool fr.ac6.managedbuild.tool.gnu.cross.assembler
Unknown value type "" for id gnu.cpp.compiler.option.preprocessor.def.symbols on tool fr.ac6.managedbuild.tool.gnu.cross.cpp.compiler
No map found for id: com.st.stm32cube.ide.mcu.gnu.managedbuild.tool.cpp.compiler.option.languagestandard.value.gccdefault
Unknown value type "" for id gnu.c.link.option.libs on tool fr.ac6.managedbuild.tool.gnu.cross.c.linker
Unknown value type "" for id gnu.c.link.option.paths on tool fr.ac6.managedbuild.tool.gnu.cross.c.linker
Unknown value type "" for id gnu.c.link.option.other on tool fr.ac6.managedbuild.tool.gnu.cross.c.linker
Unknown value type "" for id gnu.cpp.link.option.libs on tool fr.ac6.managedbuild.tool.gnu.cross.cpp.linker
Unknown value type "" for id gnu.cpp.link.option.paths on tool fr.ac6.managedbuild.tool.gnu.cross.cpp.linker
Unknown value type "" for id gnu.cpp.link.option.other on tool fr.ac6.managedbuild.tool.gnu.cross.cpp.linker
Option fr.ac6.managedbuild.tool.gnu.cross.cpp.linker.noexceptions is no longer supported
Option fr.ac6.managedbuild.tool.gnu.cross.cpp.linker.nortti is no longer supported
Value type err, id: gnu.cpp.link.option.flags
Unknown value type "" for id gnu.both.asm.option.include.paths on tool fr.ac6.managedbuild.tool.gnu.cross.assembler.exe.release
Warning: Failed to find matching mcu for null
Warning: Failed to find matching board for null
Option fr.ac6.managedbuild.tool.gnu.cross.cpp.linker.noexceptions is no longer supported
Option fr.ac6.managedbuild.tool.gnu.cross.cpp.linker.nortti is no longer supported
